INFO [2020-02-16 18:12:26] [[1]]
INFO [2020-02-16 18:12:26] list(my_sig_degs[[1]]$gene, my_sig_degs[[2]]$gene, my_sig_degs[[3]]$gene)
INFO [2020-02-16 18:12:26] 
INFO [2020-02-16 18:12:26] [[2]]
INFO [2020-02-16 18:12:26] NULL
INFO [2020-02-16 18:12:26] 
INFO [2020-02-16 18:12:26] $fill
INFO [2020-02-16 18:12:26] c("blue", "red", "grey")
INFO [2020-02-16 18:12:26] 
INFO [2020-02-16 18:12:26] $lwd
INFO [2020-02-16 18:12:26] [1] 1
INFO [2020-02-16 18:12:26] 
INFO [2020-02-16 18:12:26] $cat.cex
INFO [2020-02-16 18:12:26] [1] 1
INFO [2020-02-16 18:12:26] 
INFO [2020-02-16 18:12:26] $alpha
INFO [2020-02-16 18:12:26] c(0.5, 0.5, 0.5)
INFO [2020-02-16 18:12:26] 
INFO [2020-02-16 18:12:26] $cex
INFO [2020-02-16 18:12:26] [1] 2
INFO [2020-02-16 18:12:26] 
INFO [2020-02-16 18:12:26] $cat.fontface
INFO [2020-02-16 18:12:26] [1] 4
INFO [2020-02-16 18:12:26] 
INFO [2020-02-16 18:12:26] $category.names
INFO [2020-02-16 18:12:26] c(paste(names(my_sig_degs[1])), paste(names(my_sig_degs[2])), 
INFO [2020-02-16 18:12:26]     paste(names(my_sig_degs[3])))
INFO [2020-02-16 18:12:26] 
