INFO [2020-02-16 20:02:13] [[1]]
INFO [2020-02-16 20:02:13] list(my_sig_degs[[1]]$gene, my_sig_degs[[2]]$gene, my_sig_degs[[3]]$gene)
INFO [2020-02-16 20:02:13] 
INFO [2020-02-16 20:02:13] [[2]]
INFO [2020-02-16 20:02:13] NULL
INFO [2020-02-16 20:02:13] 
INFO [2020-02-16 20:02:13] $fill
INFO [2020-02-16 20:02:13] c("blue", "red", "grey")
INFO [2020-02-16 20:02:13] 
INFO [2020-02-16 20:02:13] $lwd
INFO [2020-02-16 20:02:13] [1] 1
INFO [2020-02-16 20:02:13] 
INFO [2020-02-16 20:02:13] $cat.cex
INFO [2020-02-16 20:02:13] [1] 1
INFO [2020-02-16 20:02:13] 
INFO [2020-02-16 20:02:13] $alpha
INFO [2020-02-16 20:02:13] c(0.5, 0.5, 0.5)
INFO [2020-02-16 20:02:13] 
INFO [2020-02-16 20:02:13] $cex
INFO [2020-02-16 20:02:13] [1] 2
INFO [2020-02-16 20:02:13] 
INFO [2020-02-16 20:02:13] $cat.fontface
INFO [2020-02-16 20:02:13] [1] 4
INFO [2020-02-16 20:02:13] 
INFO [2020-02-16 20:02:13] $category.names
INFO [2020-02-16 20:02:13] c(paste(names(my_sig_degs[1])), paste(names(my_sig_degs[2])), 
INFO [2020-02-16 20:02:13]     paste(names(my_sig_degs[3])))
INFO [2020-02-16 20:02:13] 
