INFO [2020-02-16 22:38:54] [[1]]
INFO [2020-02-16 22:38:54] list(my_sig_degs[[1]]$gene, my_sig_degs[[2]]$gene, my_sig_degs[[3]]$gene)
INFO [2020-02-16 22:38:54] 
INFO [2020-02-16 22:38:54] [[2]]
INFO [2020-02-16 22:38:54] NULL
INFO [2020-02-16 22:38:54] 
INFO [2020-02-16 22:38:54] $fill
INFO [2020-02-16 22:38:54] c("blue", "red", "grey")
INFO [2020-02-16 22:38:54] 
INFO [2020-02-16 22:38:54] $lwd
INFO [2020-02-16 22:38:54] [1] 1
INFO [2020-02-16 22:38:54] 
INFO [2020-02-16 22:38:54] $cat.cex
INFO [2020-02-16 22:38:54] [1] 1
INFO [2020-02-16 22:38:54] 
INFO [2020-02-16 22:38:54] $alpha
INFO [2020-02-16 22:38:54] c(0.5, 0.5, 0.5)
INFO [2020-02-16 22:38:54] 
INFO [2020-02-16 22:38:54] $cex
INFO [2020-02-16 22:38:54] [1] 2
INFO [2020-02-16 22:38:54] 
INFO [2020-02-16 22:38:54] $cat.fontface
INFO [2020-02-16 22:38:54] [1] 4
INFO [2020-02-16 22:38:54] 
INFO [2020-02-16 22:38:54] $category.names
INFO [2020-02-16 22:38:54] c(paste(names(my_sig_degs[1])), paste(names(my_sig_degs[2])), 
INFO [2020-02-16 22:38:54]     paste(names(my_sig_degs[3])))
INFO [2020-02-16 22:38:54] 
